# JRE version: OpenJDK Runtime Environment (8.0_152-b02) (build 1.8.0_152-release-1024-b02)
# Java VM: OpenJDK 64-Bit Server VM (25.152-b02 mixed mode windows-amd64 compressed oops)
Heap:
 PSYoungGen      total 264704K, used 69354K [0x00000000e0000000, 0x00000000f1980000, 0x0000000100000000)
  eden space 241152K, 19% used [0x00000000e0000000,0x00000000e2cd1130,0x00000000eeb80000)
  from space 23552K, 99% used [0x00000000eeb80000,0x00000000f02699c0,0x00000000f0280000)
  to   space 18944K, 0% used [0x00000000f0700000,0x00000000f0700000,0x00000000f1980000)
 ParOldGen       total 157184K, used 39950K [0x00000000a0000000, 0x00000000a9980000, 0x00000000e0000000)
  object space 157184K, 25% used [0x00000000a0000000,0x00000000a2703bf0,0x00000000a9980000)
 Metaspace       used 77371K, capacity 80368K, committed 80600K, reserved 1120256K
  class space    used 10023K, capacity 10659K, committed 10752K, reserved 1048576K
GC Heap History (10 events):
Event: 18.772 GC heap before
{Heap before GC invocations=14 (full 3):
 PSYoungGen      total 192000K, used 19443K [0x00000000e0000000, 0x00000000f0180000, 0x0000000100000000)
  eden space 172544K, 0% used [0x00000000e0000000,0x00000000e0000000,0x00000000ea880000)
  from space 19456K, 99% used [0x00000000ea880000,0x00000000ebb7cf40,0x00000000ebb80000)
  to   space 24064K, 0% used [0x00000000eea00000,0x00000000eea00000,0x00000000f0180000)
 ParOldGen       total 99840K, used 33640K [0x00000000a0000000, 0x00000000a6180000, 0x00000000e0000000)
  object space 99840K, 33% used [0x00000000a0000000,0x00000000a20da098,0x00000000a6180000)
 Metaspace       used 57200K, capacity 58902K, committed 59028K, reserved 1099776K
  class space    used 7694K, capacity 8104K, committed 8192K, reserved 1048576K
Event: 19.062 GC heap after
Heap after GC invocations=14 (full 3):
 PSYoungGen      total 192000K, used 0K [0x00000000e0000000, 0x00000000f0180000, 0x0000000100000000)
  eden space 172544K, 0% used [0x00000000e0000000,0x00000000e0000000,0x00000000ea880000)
  from space 19456K, 0% used [0x00000000ea880000,0x00000000ea880000,0x00000000ebb80000)
  to   space 24064K, 0% used [0x00000000eea00000,0x00000000eea00000,0x00000000f0180000)
 ParOldGen       total 157184K, used 39910K [0x00000000a0000000, 0x00000000a9980000, 0x00000000e0000000)
  object space 157184K, 25% used [0x00000000a0000000,0x00000000a26f9bf0,0x00000000a9980000)
 Metaspace       used 57200K, capacity 58902K, committed 59028K, reserved 1099776K
  class space    used 7694K, capacity 8104K, committed 8192K, reserved 1048576K
}
Event: 31.341 GC heap before
{Heap before GC invocations=15 (full 3):
 PSYoungGen      total 192000K, used 172544K [0x00000000e0000000, 0x00000000f0180000, 0x0000000100000000)
  eden space 172544K, 100% used [0x00000000e0000000,0x00000000ea880000,0x00000000ea880000)
  from space 19456K, 0% used [0x00000000ea880000,0x00000000ea880000,0x00000000ebb80000)
  to   space 24064K, 0% used [0x00000000eea00000,0x00000000eea00000,0x00000000f0180000)
 ParOldGen       total 157184K, used 39910K [0x00000000a0000000, 0x00000000a9980000, 0x00000000e0000000)
  object space 157184K, 25% used [0x00000000a0000000,0x00000000a26f9bf0,0x00000000a9980000)
 Metaspace       used 65606K, capacity 67580K, committed 67672K, reserved 1107968K
  class space    used 8596K, capacity 9053K, committed 9088K, reserved 1048576K
Event: 31.368 GC heap after
Heap after GC invocations=15 (full 3):
 PSYoungGen      total 224256K, used 18422K [0x00000000e0000000, 0x00000000efc00000, 0x0000000100000000)
  eden space 205824K, 0% used [0x00000000e0000000,0x00000000e0000000,0x00000000ec900000)
  from space 18432K, 99% used [0x00000000eea00000,0x00000000efbfd838,0x00000000efc00000)
  to   space 25600K, 0% used [0x00000000eca00000,0x00000000eca00000,0x00000000ee300000)
 ParOldGen       total 157184K, used 39926K [0x00000000a0000000, 0x00000000a9980000, 0x00000000e0000000)
  object space 157184K, 25% used [0x00000000a0000000,0x00000000a26fdbf0,0x00000000a9980000)
 Metaspace       used 65606K, capacity 67580K, committed 67672K, reserved 1107968K
  class space    used 8596K, capacity 9053K, committed 9088K, reserved 1048576K
}
Event: 32.906 GC heap before
{Heap before GC invocations=16 (full 3):
 PSYoungGen      total 224256K, used 223791K [0x00000000e0000000, 0x00000000efc00000, 0x0000000100000000)
  eden space 205824K, 99% used [0x00000000e0000000,0x00000000ec88e418,0x00000000ec900000)
  from space 18432K, 99% used [0x00000000eea00000,0x00000000efbfd838,0x00000000efc00000)
  to   space 25600K, 0% used [0x00000000eca00000,0x00000000eca00000,0x00000000ee300000)
 ParOldGen       total 157184K, used 39926K [0x00000000a0000000, 0x00000000a9980000, 0x00000000e0000000)
  object space 157184K, 25% used [0x00000000a0000000,0x00000000a26fdbf0,0x00000000a9980000)
 Metaspace       used 66752K, capacity 68870K, committed 68952K, reserved 1110016K
  class space    used 8754K, capacity 9286K, committed 9344K, reserved 1048576K
Event: 32.923 GC heap after
Heap after GC invocations=16 (full 3):
 PSYoungGen      total 232448K, used 11791K [0x00000000e0000000, 0x00000000f1e80000, 0x0000000100000000)
  eden space 206848K, 0% used [0x00000000e0000000,0x00000000e0000000,0x00000000eca00000)
  from space 25600K, 46% used [0x00000000eca00000,0x00000000ed583c40,0x00000000ee300000)
  to   space 24064K, 0% used [0x00000000f0700000,0x00000000f0700000,0x00000000f1e80000)
 ParOldGen       total 157184K, used 39934K [0x00000000a0000000, 0x00000000a9980000, 0x00000000e0000000)
  object space 157184K, 25% used [0x00000000a0000000,0x00000000a26ffbf0,0x00000000a9980000)
 Metaspace       used 66752K, capacity 68870K, committed 68952K, reserved 1110016K
  class space    used 8754K, capacity 9286K, committed 9344K, reserved 1048576K
}
Event: 40.419 GC heap before
{Heap before GC invocations=17 (full 3):
 PSYoungGen      total 232448K, used 218274K [0x00000000e0000000, 0x00000000f1e80000, 0x0000000100000000)
  eden space 206848K, 99% used [0x00000000e0000000,0x00000000ec9a4da0,0x00000000eca00000)
  from space 25600K, 46% used [0x00000000eca00000,0x00000000ed583c40,0x00000000ee300000)
  to   space 24064K, 0% used [0x00000000f0700000,0x00000000f0700000,0x00000000f1e80000)
 ParOldGen       total 157184K, used 39934K [0x00000000a0000000, 0x00000000a9980000, 0x00000000e0000000)
  object space 157184K, 25% used [0x00000000a0000000,0x00000000a26ffbf0,0x00000000a9980000)
 Metaspace       used 68562K, capacity 70932K, committed 71000K, reserved 1110016K
  class space    used 8983K, capacity 9559K, committed 9600K, reserved 1048576K
Event: 40.441 GC heap after
Heap after GC invocations=17 (full 3):
 PSYoungGen      total 260096K, used 14323K [0x00000000e0000000, 0x00000000f1980000, 0x0000000100000000)
  eden space 241152K, 0% used [0x00000000e0000000,0x00000000e0000000,0x00000000eeb80000)
  from space 18944K, 75% used [0x00000000f0700000,0x00000000f14fcd18,0x00000000f1980000)
  to   space 23552K, 0% used [0x00000000eeb80000,0x00000000eeb80000,0x00000000f0280000)
 ParOldGen       total 157184K, used 39942K [0x00000000a0000000, 0x00000000a9980000, 0x00000000e0000000)
  object space 157184K, 25% used [0x00000000a0000000,0x00000000a2701bf0,0x00000000a9980000)
 Metaspace       used 68562K, capacity 70932K, committed 71000K, reserved 1110016K
  class space    used 8983K, capacity 9559K, committed 9600K, reserved 1048576K
}
Event: 47.369 GC heap before
{Heap before GC invocations=18 (full 3):
 PSYoungGen      total 260096K, used 255309K [0x00000000e0000000, 0x00000000f1980000, 0x0000000100000000)
  eden space 241152K, 99% used [0x00000000e0000000,0x00000000eeb56750,0x00000000eeb80000)
  from space 18944K, 75% used [0x00000000f0700000,0x00000000f14fcd18,0x00000000f1980000)
  to   space 23552K, 0% used [0x00000000eeb80000,0x00000000eeb80000,0x00000000f0280000)
 ParOldGen       total 157184K, used 39942K [0x00000000a0000000, 0x00000000a9980000, 0x00000000e0000000)
  object space 157184K, 25% used [0x00000000a0000000,0x00000000a2701bf0,0x00000000a9980000)
 Metaspace       used 76759K, capacity 79744K, committed 79960K, reserved 1118208K
  class space    used 9958K, capacity 10579K, committed 10624K, reserved 1048576K
Event: 47.392 GC heap after
Heap after GC invocations=18 (full 3):
 PSYoungGen      total 264704K, used 23462K [0x00000000e0000000, 0x00000000f1980000, 0x0000000100000000)
  eden space 241152K, 0% used [0x00000000e0000000,0x00000000e0000000,0x00000000eeb80000)
  from space 23552K, 99% used [0x00000000eeb80000,0x00000000f02699c0,0x00000000f0280000)
  to   space 18944K, 0% used [0x00000000f0700000,0x00000000f0700000,0x00000000f1980000)
 ParOldGen       total 157184K, used 39950K [0x00000000a0000000, 0x00000000a9980000, 0x00000000e0000000)
  object space 157184K, 25% used [0x00000000a0000000,0x00000000a2703bf0,0x00000000a9980000)
 Metaspace       used 76759K, capacity 79744K, committed 79960K, reserved 1118208K
  class space    used 9958K, capacity 10579K, committed 10624K, reserved 1048576K
}

