# JRE version: OpenJDK Runtime Environment (8.0_152-b02) (build 1.8.0_152-release-1024-b02)
# Java VM: OpenJDK 64-Bit Server VM (25.152-b02 mixed mode windows-amd64 compressed oops)
Heap:
 PSYoungGen      total 273408K, used 178350K [0x00000000e0000000, 0x00000000f3600000, 0x0000000100000000)
  eden space 249344K, 70% used [0x00000000e0000000,0x00000000eacd5f20,0x00000000ef380000)
  from space 24064K, 5% used [0x00000000f0b00000,0x00000000f0c55c40,0x00000000f2280000)
  to   space 24064K, 0% used [0x00000000ef380000,0x00000000ef380000,0x00000000f0b00000)
 ParOldGen       total 153600K, used 37964K [0x00000000a0000000, 0x00000000a9600000, 0x00000000e0000000)
  object space 153600K, 24% used [0x00000000a0000000,0x00000000a25131d8,0x00000000a9600000)
 Metaspace       used 67615K, capacity 70310K, committed 70488K, reserved 1110016K
  class space    used 8943K, capacity 9544K, committed 9600K, reserved 1048576K
GC Heap History (10 events):
Event: 16.732 GC heap before
{Heap before GC invocations=13 (full 2):
 PSYoungGen      total 207360K, used 70535K [0x00000000e0000000, 0x00000000ee680000, 0x0000000100000000)
  eden space 192000K, 28% used [0x00000000e0000000,0x00000000e35e4400,0x00000000ebb80000)
  from space 15360K, 99% used [0x00000000ecf80000,0x00000000ede7dbf8,0x00000000ede80000)
  to   space 20480K, 0% used [0x00000000ebb80000,0x00000000ebb80000,0x00000000ecf80000)
 ParOldGen       total 94720K, used 30665K [0x00000000a0000000, 0x00000000a5c80000, 0x00000000e0000000)
  object space 94720K, 32% used [0x00000000a0000000,0x00000000a1df2700,0x00000000a5c80000)
 Metaspace       used 57181K, capacity 58976K, committed 59028K, reserved 1099776K
  class space    used 7711K, capacity 8165K, committed 8192K, reserved 1048576K
Event: 16.753 GC heap after
Heap after GC invocations=13 (full 2):
 PSYoungGen      total 212480K, used 2980K [0x00000000e0000000, 0x00000000f0d00000, 0x0000000100000000)
  eden space 192000K, 0% used [0x00000000e0000000,0x00000000e0000000,0x00000000ebb80000)
  from space 20480K, 14% used [0x00000000ebb80000,0x00000000ebe69118,0x00000000ecf80000)
  to   space 20480K, 0% used [0x00000000ef900000,0x00000000ef900000,0x00000000f0d00000)
 ParOldGen       total 94720K, used 45703K [0x00000000a0000000, 0x00000000a5c80000, 0x00000000e0000000)
  object space 94720K, 48% used [0x00000000a0000000,0x00000000a2ca1f30,0x00000000a5c80000)
 Metaspace       used 57181K, capacity 58976K, committed 59028K, reserved 1099776K
  class space    used 7711K, capacity 8165K, committed 8192K, reserved 1048576K
}
Event: 16.753 GC heap before
{Heap before GC invocations=14 (full 3):
 PSYoungGen      total 212480K, used 2980K [0x00000000e0000000, 0x00000000f0d00000, 0x0000000100000000)
  eden space 192000K, 0% used [0x00000000e0000000,0x00000000e0000000,0x00000000ebb80000)
  from space 20480K, 14% used [0x00000000ebb80000,0x00000000ebe69118,0x00000000ecf80000)
  to   space 20480K, 0% used [0x00000000ef900000,0x00000000ef900000,0x00000000f0d00000)
 ParOldGen       total 94720K, used 45703K [0x00000000a0000000, 0x00000000a5c80000, 0x00000000e0000000)
  object space 94720K, 48% used [0x00000000a0000000,0x00000000a2ca1f30,0x00000000a5c80000)
 Metaspace       used 57181K, capacity 58976K, committed 59028K, reserved 1099776K
  class space    used 7711K, capacity 8165K, committed 8192K, reserved 1048576K
Event: 17.307 GC heap after
Heap after GC invocations=14 (full 3):
 PSYoungGen      total 212480K, used 0K [0x00000000e0000000, 0x00000000f0d00000, 0x0000000100000000)
  eden space 192000K, 0% used [0x00000000e0000000,0x00000000e0000000,0x00000000ebb80000)
  from space 20480K, 0% used [0x00000000ebb80000,0x00000000ebb80000,0x00000000ecf80000)
  to   space 20480K, 0% used [0x00000000ef900000,0x00000000ef900000,0x00000000f0d00000)
 ParOldGen       total 153600K, used 33812K [0x00000000a0000000, 0x00000000a9600000, 0x00000000e0000000)
  object space 153600K, 22% used [0x00000000a0000000,0x00000000a2105140,0x00000000a9600000)
 Metaspace       used 57181K, capacity 58976K, committed 59028K, reserved 1099776K
  class space    used 7711K, capacity 8165K, committed 8192K, reserved 1048576K
}
Event: 20.578 GC heap before
{Heap before GC invocations=15 (full 3):
 PSYoungGen      total 212480K, used 192000K [0x00000000e0000000, 0x00000000f0d00000, 0x0000000100000000)
  eden space 192000K, 100% used [0x00000000e0000000,0x00000000ebb80000,0x00000000ebb80000)
  from space 20480K, 0% used [0x00000000ebb80000,0x00000000ebb80000,0x00000000ecf80000)
  to   space 20480K, 0% used [0x00000000ef900000,0x00000000ef900000,0x00000000f0d00000)
 ParOldGen       total 153600K, used 33812K [0x00000000a0000000, 0x00000000a9600000, 0x00000000e0000000)
  object space 153600K, 22% used [0x00000000a0000000,0x00000000a2105140,0x00000000a9600000)
 Metaspace       used 61984K, capacity 64248K, committed 64472K, reserved 1105920K
  class space    used 8339K, capacity 8863K, committed 8960K, reserved 1048576K
Event: 20.618 GC heap after
Heap after GC invocations=15 (full 3):
 PSYoungGen      total 241664K, used 20468K [0x00000000e0000000, 0x00000000f0d00000, 0x0000000100000000)
  eden space 221184K, 0% used [0x00000000e0000000,0x00000000e0000000,0x00000000ed800000)
  from space 20480K, 99% used [0x00000000ef900000,0x00000000f0cfd2a8,0x00000000f0d00000)
  to   space 24576K, 0% used [0x00000000edd00000,0x00000000edd00000,0x00000000ef500000)
 ParOldGen       total 153600K, used 36544K [0x00000000a0000000, 0x00000000a9600000, 0x00000000e0000000)
  object space 153600K, 23% used [0x00000000a0000000,0x00000000a23b0018,0x00000000a9600000)
 Metaspace       used 61984K, capacity 64248K, committed 64472K, reserved 1105920K
  class space    used 8339K, capacity 8863K, committed 8960K, reserved 1048576K
}
Event: 27.441 GC heap before
{Heap before GC invocations=16 (full 3):
 PSYoungGen      total 241664K, used 241645K [0x00000000e0000000, 0x00000000f0d00000, 0x0000000100000000)
  eden space 221184K, 99% used [0x00000000e0000000,0x00000000ed7fe4b8,0x00000000ed800000)
  from space 20480K, 99% used [0x00000000ef900000,0x00000000f0cfd2a8,0x00000000f0d00000)
  to   space 24576K, 0% used [0x00000000edd00000,0x00000000edd00000,0x00000000ef500000)
 ParOldGen       total 153600K, used 36544K [0x00000000a0000000, 0x00000000a9600000, 0x00000000e0000000)
  object space 153600K, 23% used [0x00000000a0000000,0x00000000a23b0018,0x00000000a9600000)
 Metaspace       used 63836K, capacity 66240K, committed 66520K, reserved 1105920K
  class space    used 8575K, capacity 9137K, committed 9216K, reserved 1048576K
Event: 27.452 GC heap after
Heap after GC invocations=16 (full 3):
 PSYoungGen      total 250880K, used 6005K [0x00000000e0000000, 0x00000000f2280000, 0x0000000100000000)
  eden space 226304K, 0% used [0x00000000e0000000,0x00000000e0000000,0x00000000edd00000)
  from space 24576K, 24% used [0x00000000edd00000,0x00000000ee2dd4b8,0x00000000ef500000)
  to   space 24064K, 0% used [0x00000000f0b00000,0x00000000f0b00000,0x00000000f2280000)
 ParOldGen       total 153600K, used 37956K [0x00000000a0000000, 0x00000000a9600000, 0x00000000e0000000)
  object space 153600K, 24% used [0x00000000a0000000,0x00000000a25111d8,0x00000000a9600000)
 Metaspace       used 63836K, capacity 66240K, committed 66520K, reserved 1105920K
  class space    used 8575K, capacity 9137K, committed 9216K, reserved 1048576K
}
Event: 27.529 GC heap before
{Heap before GC invocations=17 (full 3):
 PSYoungGen      total 250880K, used 231807K [0x00000000e0000000, 0x00000000f2280000, 0x0000000100000000)
  eden space 226304K, 99% used [0x00000000e0000000,0x00000000edc828d0,0x00000000edd00000)
  from space 24576K, 24% used [0x00000000edd00000,0x00000000ee2dd4b8,0x00000000ef500000)
  to   space 24064K, 0% used [0x00000000f0b00000,0x00000000f0b00000,0x00000000f2280000)
 ParOldGen       total 153600K, used 37956K [0x00000000a0000000, 0x00000000a9600000, 0x00000000e0000000)
  object space 153600K, 24% used [0x00000000a0000000,0x00000000a25111d8,0x00000000a9600000)
 Metaspace       used 63873K, capacity 66310K, committed 66520K, reserved 1105920K
  class space    used 8575K, capacity 9138K, committed 9216K, reserved 1048576K
Event: 27.531 GC heap after
Heap after GC invocations=17 (full 3):
 PSYoungGen      total 273408K, used 1367K [0x00000000e0000000, 0x00000000f3600000, 0x0000000100000000)
  eden space 249344K, 0% used [0x00000000e0000000,0x00000000e0000000,0x00000000ef380000)
  from space 24064K, 5% used [0x00000000f0b00000,0x00000000f0c55c40,0x00000000f2280000)
  to   space 24064K, 0% used [0x00000000ef380000,0x00000000ef380000,0x00000000f0b00000)
 ParOldGen       total 153600K, used 37964K [0x00000000a0000000, 0x00000000a9600000, 0x00000000e0000000)
  object space 153600K, 24% used [0x00000000a0000000,0x00000000a25131d8,0x00000000a9600000)
 Metaspace       used 63873K, capacity 66310K, committed 66520K, reserved 1105920K
  class space    used 8575K, capacity 9138K, committed 9216K, reserved 1048576K
}

