# JRE version: OpenJDK Runtime Environment (8.0_152-b02) (build 1.8.0_152-release-1024-b02)
# Java VM: OpenJDK 64-Bit Server VM (25.152-b02 mixed mode windows-amd64 compressed oops)
Heap:
 PSYoungGen      total 240128K, used 202945K [0x00000000e0000000, 0x00000000f2f80000, 0x0000000100000000)
  eden space 216064K, 85% used [0x00000000e0000000,0x00000000eb375170,0x00000000ed300000)
  from space 24064K, 79% used [0x00000000ed300000,0x00000000ee5bb380,0x00000000eea80000)
  to   space 26112K, 0% used [0x00000000f1600000,0x00000000f1600000,0x00000000f2f80000)
 ParOldGen       total 156672K, used 50802K [0x00000000a0000000, 0x00000000a9900000, 0x00000000e0000000)
  object space 156672K, 32% used [0x00000000a0000000,0x00000000a319c908,0x00000000a9900000)
 Metaspace       used 76412K, capacity 79577K, committed 79892K, reserved 1118208K
  class space    used 10178K, capacity 10942K, committed 11028K, reserved 1048576K
GC Heap History (10 events):
Event: 9.755 GC heap before
{Heap before GC invocations=10 (full 2):
 PSYoungGen      total 140800K, used 131072K [0x00000000e0000000, 0x00000000ec500000, 0x0000000100000000)
  eden space 131072K, 100% used [0x00000000e0000000,0x00000000e8000000,0x00000000e8000000)
  from space 9728K, 0% used [0x00000000e8000000,0x00000000e8000000,0x00000000e8980000)
  to   space 12800K, 0% used [0x00000000eb880000,0x00000000eb880000,0x00000000ec500000)
 ParOldGen       total 95744K, used 20447K [0x00000000a0000000, 0x00000000a5d80000, 0x00000000e0000000)
  object space 95744K, 21% used [0x00000000a0000000,0x00000000a13f7d50,0x00000000a5d80000)
 Metaspace       used 43592K, capacity 44674K, committed 44800K, reserved 1087488K
  class space    used 6038K, capacity 6373K, committed 6400K, reserved 1048576K
Event: 9.779 GC heap after
Heap after GC invocations=10 (full 2):
 PSYoungGen      total 186368K, used 12795K [0x00000000e0000000, 0x00000000ed680000, 0x0000000100000000)
  eden space 173568K, 0% used [0x00000000e0000000,0x00000000e0000000,0x00000000ea980000)
  from space 12800K, 99% used [0x00000000eb880000,0x00000000ec4fef30,0x00000000ec500000)
  to   space 15360K, 0% used [0x00000000ea980000,0x00000000ea980000,0x00000000eb880000)
 ParOldGen       total 95744K, used 22480K [0x00000000a0000000, 0x00000000a5d80000, 0x00000000e0000000)
  object space 95744K, 23% used [0x00000000a0000000,0x00000000a15f41f8,0x00000000a5d80000)
 Metaspace       used 43592K, capacity 44674K, committed 44800K, reserved 1087488K
  class space    used 6038K, capacity 6373K, committed 6400K, reserved 1048576K
}
Event: 12.834 GC heap before
{Heap before GC invocations=11 (full 2):
 PSYoungGen      total 186368K, used 186363K [0x00000000e0000000, 0x00000000ed680000, 0x0000000100000000)
  eden space 173568K, 100% used [0x00000000e0000000,0x00000000ea980000,0x00000000ea980000)
  from space 12800K, 99% used [0x00000000eb880000,0x00000000ec4fef30,0x00000000ec500000)
  to   space 15360K, 0% used [0x00000000ea980000,0x00000000ea980000,0x00000000eb880000)
 ParOldGen       total 95744K, used 22480K [0x00000000a0000000, 0x00000000a5d80000, 0x00000000e0000000)
  object space 95744K, 23% used [0x00000000a0000000,0x00000000a15f41f8,0x00000000a5d80000)
 Metaspace       used 53784K, capacity 55516K, committed 55808K, reserved 1097728K
  class space    used 7445K, capacity 7877K, committed 7936K, reserved 1048576K
Event: 12.875 GC heap after
Heap after GC invocations=11 (full 2):
 PSYoungGen      total 188928K, used 15350K [0x00000000e0000000, 0x00000000eff80000, 0x0000000100000000)
  eden space 173568K, 0% used [0x00000000e0000000,0x00000000e0000000,0x00000000ea980000)
  from space 15360K, 99% used [0x00000000ea980000,0x00000000eb87dbd8,0x00000000eb880000)
  to   space 21504K, 0% used [0x00000000eea80000,0x00000000eea80000,0x00000000eff80000)
 ParOldGen       total 95744K, used 32364K [0x00000000a0000000, 0x00000000a5d80000, 0x00000000e0000000)
  object space 95744K, 33% used [0x00000000a0000000,0x00000000a1f9b0a0,0x00000000a5d80000)
 Metaspace       used 53784K, capacity 55516K, committed 55808K, reserved 1097728K
  class space    used 7445K, capacity 7877K, committed 7936K, reserved 1048576K
}
Event: 15.615 GC heap before
{Heap before GC invocations=12 (full 2):
 PSYoungGen      total 188928K, used 131886K [0x00000000e0000000, 0x00000000eff80000, 0x0000000100000000)
  eden space 173568K, 67% used [0x00000000e0000000,0x00000000e71cdeb0,0x00000000ea980000)
  from space 15360K, 99% used [0x00000000ea980000,0x00000000eb87dbd8,0x00000000eb880000)
  to   space 21504K, 0% used [0x00000000eea80000,0x00000000eea80000,0x00000000eff80000)
 ParOldGen       total 95744K, used 32364K [0x00000000a0000000, 0x00000000a5d80000, 0x00000000e0000000)
  object space 95744K, 33% used [0x00000000a0000000,0x00000000a1f9b0a0,0x00000000a5d80000)
 Metaspace       used 57020K, capacity 58935K, committed 59028K, reserved 1099776K
  class space    used 7830K, capacity 8340K, committed 8340K, reserved 1048576K
Event: 15.647 GC heap after
Heap after GC invocations=12 (full 2):
 PSYoungGen      total 237568K, used 20574K [0x00000000e0000000, 0x00000000f0380000, 0x0000000100000000)
  eden space 216064K, 0% used [0x00000000e0000000,0x00000000e0000000,0x00000000ed300000)
  from space 21504K, 95% used [0x00000000eea80000,0x00000000efe97900,0x00000000eff80000)
  to   space 24064K, 0% used [0x00000000ed300000,0x00000000ed300000,0x00000000eea80000)
 ParOldGen       total 95744K, used 38598K [0x00000000a0000000, 0x00000000a5d80000, 0x00000000e0000000)
  object space 95744K, 40% used [0x00000000a0000000,0x00000000a25b1bd0,0x00000000a5d80000)
 Metaspace       used 57020K, capacity 58935K, committed 59028K, reserved 1099776K
  class space    used 7830K, capacity 8340K, committed 8340K, reserved 1048576K
}
Event: 15.647 GC heap before
{Heap before GC invocations=13 (full 3):
 PSYoungGen      total 237568K, used 20574K [0x00000000e0000000, 0x00000000f0380000, 0x0000000100000000)
  eden space 216064K, 0% used [0x00000000e0000000,0x00000000e0000000,0x00000000ed300000)
  from space 21504K, 95% used [0x00000000eea80000,0x00000000efe97900,0x00000000eff80000)
  to   space 24064K, 0% used [0x00000000ed300000,0x00000000ed300000,0x00000000eea80000)
 ParOldGen       total 95744K, used 38598K [0x00000000a0000000, 0x00000000a5d80000, 0x00000000e0000000)
  object space 95744K, 40% used [0x00000000a0000000,0x00000000a25b1bd0,0x00000000a5d80000)
 Metaspace       used 57020K, capacity 58935K, committed 59028K, reserved 1099776K
  class space    used 7830K, capacity 8340K, committed 8340K, reserved 1048576K
Event: 15.922 GC heap after
Heap after GC invocations=13 (full 3):
 PSYoungGen      total 237568K, used 0K [0x00000000e0000000, 0x00000000f0380000, 0x0000000100000000)
  eden space 216064K, 0% used [0x00000000e0000000,0x00000000e0000000,0x00000000ed300000)
  from space 21504K, 0% used [0x00000000eea80000,0x00000000eea80000,0x00000000eff80000)
  to   space 24064K, 0% used [0x00000000ed300000,0x00000000ed300000,0x00000000eea80000)
 ParOldGen       total 156672K, used 50794K [0x00000000a0000000, 0x00000000a9900000, 0x00000000e0000000)
  object space 156672K, 32% used [0x00000000a0000000,0x00000000a319a908,0x00000000a9900000)
 Metaspace       used 57020K, capacity 58935K, committed 59028K, reserved 1099776K
  class space    used 7830K, capacity 8340K, committed 8340K, reserved 1048576K
}
Event: 22.473 GC heap before
{Heap before GC invocations=14 (full 3):
 PSYoungGen      total 237568K, used 216064K [0x00000000e0000000, 0x00000000f0380000, 0x0000000100000000)
  eden space 216064K, 100% used [0x00000000e0000000,0x00000000ed300000,0x00000000ed300000)
  from space 21504K, 0% used [0x00000000eea80000,0x00000000eea80000,0x00000000eff80000)
  to   space 24064K, 0% used [0x00000000ed300000,0x00000000ed300000,0x00000000eea80000)
 ParOldGen       total 156672K, used 50794K [0x00000000a0000000, 0x00000000a9900000, 0x00000000e0000000)
  object space 156672K, 32% used [0x00000000a0000000,0x00000000a319a908,0x00000000a9900000)
 Metaspace       used 68243K, capacity 70737K, committed 71060K, reserved 1110016K
  class space    used 9146K, capacity 9810K, committed 9876K, reserved 1048576K
Event: 22.505 GC heap after
Heap after GC invocations=14 (full 3):
 PSYoungGen      total 240128K, used 19180K [0x00000000e0000000, 0x00000000f2f80000, 0x0000000100000000)
  eden space 216064K, 0% used [0x00000000e0000000,0x00000000e0000000,0x00000000ed300000)
  from space 24064K, 79% used [0x00000000ed300000,0x00000000ee5bb380,0x00000000eea80000)
  to   space 26112K, 0% used [0x00000000f1600000,0x00000000f1600000,0x00000000f2f80000)
 ParOldGen       total 156672K, used 50802K [0x00000000a0000000, 0x00000000a9900000, 0x00000000e0000000)
  object space 156672K, 32% used [0x00000000a0000000,0x00000000a319c908,0x00000000a9900000)
 Metaspace       used 68243K, capacity 70737K, committed 71060K, reserved 1110016K
  class space    used 9146K, capacity 9810K, committed 9876K, reserved 1048576K
}

