# JRE version: OpenJDK Runtime Environment (8.0_152-b02) (build 1.8.0_152-release-1024-b02)
# Java VM: OpenJDK 64-Bit Server VM (25.152-b02 mixed mode windows-amd64 compressed oops)
Heap:
 PSYoungGen      total 260096K, used 86250K [0x00000000e0000000, 0x00000000f1d80000, 0x0000000100000000)
  eden space 233984K, 27% used [0x00000000e0000000,0x00000000e3fdaa28,0x00000000ee480000)
  from space 26112K, 79% used [0x00000000f0400000,0x00000000f185fff0,0x00000000f1d80000)
  to   space 29184K, 0% used [0x00000000ee480000,0x00000000ee480000,0x00000000f0100000)
 ParOldGen       total 156160K, used 45542K [0x00000000a0000000, 0x00000000a9880000, 0x00000000e0000000)
  object space 156160K, 29% used [0x00000000a0000000,0x00000000a2c79a88,0x00000000a9880000)
 Metaspace       used 77571K, capacity 80963K, committed 81300K, reserved 1120256K
  class space    used 10269K, capacity 11057K, committed 11156K, reserved 1048576K
GC Heap History (10 events):
Event: 12.170 GC heap before
{Heap before GC invocations=11 (full 2):
 PSYoungGen      total 175616K, used 175615K [0x00000000e0000000, 0x00000000ed300000, 0x0000000100000000)
  eden space 162304K, 100% used [0x00000000e0000000,0x00000000e9e80000,0x00000000e9e80000)
  from space 13312K, 99% used [0x00000000ead80000,0x00000000eba7fef8,0x00000000eba80000)
  to   space 15360K, 0% used [0x00000000e9e80000,0x00000000e9e80000,0x00000000ead80000)
 ParOldGen       total 99840K, used 22007K [0x00000000a0000000, 0x00000000a6180000, 0x00000000e0000000)
  object space 99840K, 22% used [0x00000000a0000000,0x00000000a157de38,0x00000000a6180000)
 Metaspace       used 53684K, capacity 55510K, committed 55808K, reserved 1097728K
  class space    used 7436K, capacity 7876K, committed 7936K, reserved 1048576K
Event: 12.224 GC heap after
Heap after GC invocations=11 (full 2):
 PSYoungGen      total 177664K, used 15342K [0x00000000e0000000, 0x00000000ef100000, 0x0000000100000000)
  eden space 162304K, 0% used [0x00000000e0000000,0x00000000e0000000,0x00000000e9e80000)
  from space 15360K, 99% used [0x00000000e9e80000,0x00000000ead7bbe8,0x00000000ead80000)
  to   space 20992K, 0% used [0x00000000edc80000,0x00000000edc80000,0x00000000ef100000)
 ParOldGen       total 99840K, used 30439K [0x00000000a0000000, 0x00000000a6180000, 0x00000000e0000000)
  object space 99840K, 30% used [0x00000000a0000000,0x00000000a1db9f08,0x00000000a6180000)
 Metaspace       used 53684K, capacity 55510K, committed 55808K, reserved 1097728K
  class space    used 7436K, capacity 7876K, committed 7936K, reserved 1048576K
}
Event: 14.643 GC heap before
{Heap before GC invocations=12 (full 2):
 PSYoungGen      total 177664K, used 141444K [0x00000000e0000000, 0x00000000ef100000, 0x0000000100000000)
  eden space 162304K, 77% used [0x00000000e0000000,0x00000000e7b25788,0x00000000e9e80000)
  from space 15360K, 99% used [0x00000000e9e80000,0x00000000ead7bbe8,0x00000000ead80000)
  to   space 20992K, 0% used [0x00000000edc80000,0x00000000edc80000,0x00000000ef100000)
 ParOldGen       total 99840K, used 30439K [0x00000000a0000000, 0x00000000a6180000, 0x00000000e0000000)
  object space 99840K, 30% used [0x00000000a0000000,0x00000000a1db9f08,0x00000000a6180000)
 Metaspace       used 56949K, capacity 58935K, committed 59028K, reserved 1099776K
  class space    used 7825K, capacity 8340K, committed 8340K, reserved 1048576K
Event: 14.687 GC heap after
Heap after GC invocations=12 (full 2):
 PSYoungGen      total 220160K, used 20965K [0x00000000e0000000, 0x00000000efd00000, 0x0000000100000000)
  eden space 199168K, 0% used [0x00000000e0000000,0x00000000e0000000,0x00000000ec280000)
  from space 20992K, 99% used [0x00000000edc80000,0x00000000ef0f96e0,0x00000000ef100000)
  to   space 26624K, 0% used [0x00000000ec280000,0x00000000ec280000,0x00000000edc80000)
 ParOldGen       total 99840K, used 37538K [0x00000000a0000000, 0x00000000a6180000, 0x00000000e0000000)
  object space 99840K, 37% used [0x00000000a0000000,0x00000000a24a8818,0x00000000a6180000)
 Metaspace       used 56949K, capacity 58935K, committed 59028K, reserved 1099776K
  class space    used 7825K, capacity 8340K, committed 8340K, reserved 1048576K
}
Event: 14.687 GC heap before
{Heap before GC invocations=13 (full 3):
 PSYoungGen      total 220160K, used 20965K [0x00000000e0000000, 0x00000000efd00000, 0x0000000100000000)
  eden space 199168K, 0% used [0x00000000e0000000,0x00000000e0000000,0x00000000ec280000)
  from space 20992K, 99% used [0x00000000edc80000,0x00000000ef0f96e0,0x00000000ef100000)
  to   space 26624K, 0% used [0x00000000ec280000,0x00000000ec280000,0x00000000edc80000)
 ParOldGen       total 99840K, used 37538K [0x00000000a0000000, 0x00000000a6180000, 0x00000000e0000000)
  object space 99840K, 37% used [0x00000000a0000000,0x00000000a24a8818,0x00000000a6180000)
 Metaspace       used 56949K, capacity 58935K, committed 59028K, reserved 1099776K
  class space    used 7825K, capacity 8340K, committed 8340K, reserved 1048576K
Event: 14.987 GC heap after
Heap after GC invocations=13 (full 3):
 PSYoungGen      total 220160K, used 0K [0x00000000e0000000, 0x00000000efd00000, 0x0000000100000000)
  eden space 199168K, 0% used [0x00000000e0000000,0x00000000e0000000,0x00000000ec280000)
  from space 20992K, 0% used [0x00000000edc80000,0x00000000edc80000,0x00000000ef100000)
  to   space 26624K, 0% used [0x00000000ec280000,0x00000000ec280000,0x00000000edc80000)
 ParOldGen       total 156160K, used 45526K [0x00000000a0000000, 0x00000000a9880000, 0x00000000e0000000)
  object space 156160K, 29% used [0x00000000a0000000,0x00000000a2c75a88,0x00000000a9880000)
 Metaspace       used 56949K, capacity 58935K, committed 59028K, reserved 1099776K
  class space    used 7825K, capacity 8340K, committed 8340K, reserved 1048576K
}
Event: 22.578 GC heap before
{Heap before GC invocations=14 (full 3):
 PSYoungGen      total 220160K, used 199168K [0x00000000e0000000, 0x00000000efd00000, 0x0000000100000000)
  eden space 199168K, 100% used [0x00000000e0000000,0x00000000ec280000,0x00000000ec280000)
  from space 20992K, 0% used [0x00000000edc80000,0x00000000edc80000,0x00000000ef100000)
  to   space 26624K, 0% used [0x00000000ec280000,0x00000000ec280000,0x00000000edc80000)
 ParOldGen       total 156160K, used 45526K [0x00000000a0000000, 0x00000000a9880000, 0x00000000e0000000)
  object space 156160K, 29% used [0x00000000a0000000,0x00000000a2c75a88,0x00000000a9880000)
 Metaspace       used 68004K, capacity 70443K, committed 70804K, reserved 1110016K
  class space    used 9127K, capacity 9777K, committed 9876K, reserved 1048576K
Event: 22.608 GC heap after
Heap after GC invocations=14 (full 3):
 PSYoungGen      total 225792K, used 18332K [0x00000000e0000000, 0x00000000f1f00000, 0x0000000100000000)
  eden space 199168K, 0% used [0x00000000e0000000,0x00000000e0000000,0x00000000ec280000)
  from space 26624K, 68% used [0x00000000ec280000,0x00000000ed467208,0x00000000edc80000)
  to   space 27648K, 0% used [0x00000000f0400000,0x00000000f0400000,0x00000000f1f00000)
 ParOldGen       total 156160K, used 45534K [0x00000000a0000000, 0x00000000a9880000, 0x00000000e0000000)
  object space 156160K, 29% used [0x00000000a0000000,0x00000000a2c77a88,0x00000000a9880000)
 Metaspace       used 68004K, capacity 70443K, committed 70804K, reserved 1110016K
  class space    used 9127K, capacity 9777K, committed 9876K, reserved 1048576K
}
Event: 31.897 GC heap before
{Heap before GC invocations=15 (full 3):
 PSYoungGen      total 225792K, used 217500K [0x00000000e0000000, 0x00000000f1f00000, 0x0000000100000000)
  eden space 199168K, 100% used [0x00000000e0000000,0x00000000ec280000,0x00000000ec280000)
  from space 26624K, 68% used [0x00000000ec280000,0x00000000ed467208,0x00000000edc80000)
  to   space 27648K, 0% used [0x00000000f0400000,0x00000000f0400000,0x00000000f1f00000)
 ParOldGen       total 156160K, used 45534K [0x00000000a0000000, 0x00000000a9880000, 0x00000000e0000000)
  object space 156160K, 29% used [0x00000000a0000000,0x00000000a2c77a88,0x00000000a9880000)
 Metaspace       used 76923K, capacity 80195K, committed 80404K, reserved 1118208K
  class space    used 10189K, capacity 10999K, committed 11028K, reserved 1048576K
Event: 31.931 GC heap after
Heap after GC invocations=15 (full 3):
 PSYoungGen      total 260096K, used 20863K [0x00000000e0000000, 0x00000000f1d80000, 0x0000000100000000)
  eden space 233984K, 0% used [0x00000000e0000000,0x00000000e0000000,0x00000000ee480000)
  from space 26112K, 79% used [0x00000000f0400000,0x00000000f185fff0,0x00000000f1d80000)
  to   space 29184K, 0% used [0x00000000ee480000,0x00000000ee480000,0x00000000f0100000)
 ParOldGen       total 156160K, used 45542K [0x00000000a0000000, 0x00000000a9880000, 0x00000000e0000000)
  object space 156160K, 29% used [0x00000000a0000000,0x00000000a2c79a88,0x00000000a9880000)
 Metaspace       used 76923K, capacity 80195K, committed 80404K, reserved 1118208K
  class space    used 10189K, capacity 10999K, committed 11028K, reserved 1048576K
}

